<?xml version="1.0" encoding="UTF-8"?>
<testsuite name="Quick edit a page" tests="1" skipped="0" failures="0" errors="0" timestamp="2021-01-27T03:12:48" hostname="carecloud-VivoBook-ASUSLaptop-X430FA-S430FA" time="12.325">
  <properties/>
  <testcase name="Edit title and slug from Quick edit of a page" classname="Quick edit a page" time="12.325"/>
  <system-out><![CDATA[
Feature: Quick edit a page

  Scenario: Edit title and slug from Quick edit of a page ?[90m# src/test/resources/features/pages/quick_edit_page.feature:3?[0m
22:12:48.405 [Test worker] INFO   - 
 _____ _____ ____ _____   ____ _____  _    ____ _____ _____ ____  
|_   _| ____/ ___|_   _| / ___|_   _|/ \  |  _ \_   _| ____|  _ \ 
  | | |  _| \___ \ | |   \___ \ | | / _ \ | |_) || | |  _| | | | |
  | | | |___ ___) || |    ___) || |/ ___ \|  _ < | | | |___| |_| |
  |_| |_____|____/ |_|   |____/ |_/_/   \_\_| \_\|_| |_____|____/ 

Edit title and slug from Quick edit of a page(quick-edit-a-page;edit-title-and-slug-from-quick-edit-of-a-page)
-------------------------------------------------------------------
22:12:48.610 [Test worker] INFO  n.s.c.w.d.ProvideNewDriver - Instantiating driver
22:12:48.610 [Test worker] INFO  n.s.c.w.d.ProvideNewDriver - Driver capabilities: Capabilities {acceptInsecureCerts: false, browserName: chrome, chrome.switches: --start-maximized;--test-ty..., goog:chromeOptions: {args: [--start-maximized, --test-type, --no-sandbox, --ignore-certificate-errors;\n, --disable-popup-blocking, --disable-default-apps, --disable-extensions-file-a..., --incognito, --disable-infobars, --disable-gpu], extensions: []}, loggingPrefs: org.openqa.selenium.logging..., platform: ANY, version: }
    ?[32mGiven ?[0m?[32m?[0m?[32m?[1mActor?[0m?[32m login the system?[0m                          ?[90m# CommonStepDefinitions.actor_login_the_system(String)?[0m
    ?[32mWhen ?[0m?[32mhe decides to Quick edit the page?[0m                ?[90m# QuickEditPageStepDefinitions.he_decides_to_Quick_edit_the_page()?[0m
    ?[32mAnd ?[0m?[32mupdate de content in the fields?[0m                   ?[90m# QuickEditPageStepDefinitions.update_de_content_in_the_fields()?[0m
    ?[32mThen ?[0m?[32mthe ?[0m?[32m?[1mpage?[0m?[32m should be Quick edited?[0m                  ?[90m# QuickEditPageStepDefinitions.the_page_should_be_Quick_edited(String)?[0m
]]></system-out>
  <system-err><![CDATA[ene. 26, 2021 10:12:48 P. M. org.openqa.selenium.remote.DesiredCapabilities chrome
INFO: Using `new ChromeOptions()` is preferred to `DesiredCapabilities.chrome()`
Starting ChromeDriver 85.0.4183.87 (cd6713ebf92fa1cacc0f1a598df280093af0c5d7-refs/branch-heads/4183@{#1689}) on port 21841
Only local connections are allowed.
Please see https://chromedriver.chromium.org/security-considerations for suggestions on keeping ChromeDriver safe.
ChromeDriver was started successfully.
[1611717168,935][WARNING]: This version of ChromeDriver has not been tested with Chrome version 86.
ene. 26, 2021 10:12:48 P. M. org.openqa.selenium.remote.ProtocolHandshake createSession
INFO: Detected dialect: W3C
]]></system-err>
</testsuite>
