<?xml version="1.0" encoding="UTF-8"?>
<testsuite name="Search by keyword" tests="1" skipped="0" failures="0" errors="0" timestamp="2021-01-23T02:59:42" hostname="carecloud-VivoBook-ASUSLaptop-X430FA-S430FA" time="11.41">
  <properties/>
  <testcase name="Searching for a term" classname="Search by keyword" time="11.41"/>
  <system-out><![CDATA[Feature: Search by keyword

  Scenario: Searching for a term                                  ?[90m# src/test/resources/features/search/search_by_keyword.feature:3?[0m
21:59:42.811 [Test worker] INFO   - 
 _____ _____ ____ _____   ____ _____  _    ____ _____ _____ ____  
|_   _| ____/ ___|_   _| / ___|_   _|/ \  |  _ \_   _| ____|  _ \ 
  | | |  _| \___ \ | |   \___ \ | | / _ \ | |_) || | |  _| | | | |
  | | | |___ ___) || |    ___) || |/ ___ \|  _ < | | | |___| |_| |
  |_| |_____|____/ |_|   |____/ |_/_/   \_\_| \_\|_| |_____|____/ 

Searching for a term(search-by-keyword;searching-for-a-term)
-------------------------------------------------------------------
21:59:43.693 [Test worker] INFO  n.s.c.w.d.ProvideNewDriver - Instantiating driver
21:59:43.693 [Test worker] INFO  n.s.c.w.d.ProvideNewDriver - Driver capabilities: Capabilities {acceptInsecureCerts: false, browserName: chrome, chrome.switches: --start-maximized;--test-ty..., goog:chromeOptions: {args: [--start-maximized, --test-type, --no-sandbox, --ignore-certificate-errors;\n, --disable-popup-blocking, --disable-default-apps, --disable-extensions-file-a..., --incognito, --disable-infobars, --disable-gpu], extensions: []}, loggingPrefs: org.openqa.selenium.logging..., platform: ANY, version: }
    ?[32mGiven ?[0m?[32m?[0m?[32m?[1mSergey?[0m?[32m is on the DuckDuckGo home page?[0m                   ?[90m# SearchOnDuckDuckGoStepDefinitions.on_the_DuckDuckGo_home_page(String)?[0m
    ?[32mWhen ?[0m?[32mhe searches for ?[0m?[32m?[1m"cucumber"?[0m                               ?[90m# SearchOnDuckDuckGoStepDefinitions.search_for(String)?[0m
    ?[32mThen ?[0m?[32mall the result titles should contain the word ?[0m?[32m?[1m"cucumber"?[0m ?[90m# SearchOnDuckDuckGoStepDefinitions.all_the_result_titles_should_contain_the_word(String)?[0m
]]></system-out>
  <system-err><![CDATA[ene. 22, 2021 9:59:43 P. M. org.openqa.selenium.remote.DesiredCapabilities chrome
INFO: Using `new ChromeOptions()` is preferred to `DesiredCapabilities.chrome()`
Starting ChromeDriver 85.0.4183.87 (cd6713ebf92fa1cacc0f1a598df280093af0c5d7-refs/branch-heads/4183@{#1689}) on port 24649
Only local connections are allowed.
Please see https://chromedriver.chromium.org/security-considerations for suggestions on keeping ChromeDriver safe.
ChromeDriver was started successfully.
[1611370784,245][WARNING]: This version of ChromeDriver has not been tested with Chrome version 86.
ene. 22, 2021 9:59:44 P. M. org.openqa.selenium.remote.ProtocolHandshake createSession
INFO: Detected dialect: W3C
]]></system-err>
</testsuite>
